[debug] [2019-02-03T01:17:43.531Z] ----------------------------------------------------------------------
[debug] [2019-02-03T01:17:43.533Z] Command:       C:\Program Files\nodejs\node.exe C:\Users\walla\AppData\Roaming\npm\node_modules\firebase-tools\lib\bin\firebase.js deploy
[debug] [2019-02-03T01:17:43.533Z] CLI Version:   6.2.2
[debug] [2019-02-03T01:17:43.534Z] Platform:      win32
[debug] [2019-02-03T01:17:43.534Z] Node Version:  v10.14.1
[debug] [2019-02-03T01:17:43.535Z] Time:          Sat Feb 02 2019 20:17:43 GMT-0500 (GMT-05:00)
[debug] [2019-02-03T01:17:43.535Z] ----------------------------------------------------------------------
[debug] 
[debug] [2019-02-03T01:17:43.548Z] > command requires scopes: ["email","openid","https://www.googleapis.com/auth/cloudplatformprojects.readonly","https://www.googleapis.com/auth/firebase","https://www.googleapis.com/auth/cloud-platform"]
[debug] [2019-02-03T01:17:43.549Z] > authorizing via signed-in user
[debug] [2019-02-03T01:17:43.549Z] [iam] checking project dev-tokpets-pwa-c6c74 for permissions ["cloudfunctions.functions.create","cloudfunctions.functions.delete","cloudfunctions.functions.get","cloudfunctions.functions.list","cloudfunctions.functions.update","cloudfunctions.operations.get","firebase.projects.get","firebasedatabase.instances.update","firebasehosting.sites.update","firebaserules.releases.create","firebaserules.releases.update","firebaserules.rulesets.create"]
[debug] [2019-02-03T01:17:43.551Z] >>> HTTP REQUEST POST https://cloudresourcemanager.googleapis.com/v1/projects/dev-tokpets-pwa-c6c74:testIamPermissions  

[debug] [2019-02-03T01:17:44.192Z] <<< HTTP RESPONSE 200
[debug] [2019-02-03T01:17:44.196Z] >>> HTTP REQUEST GET https://firebase.googleapis.com/v1beta1/projects/dev-tokpets-pwa-c6c74  
 
[debug] [2019-02-03T01:17:44.626Z] <<< HTTP RESPONSE 200
[info] 
[info] === Deploying to 'dev-tokpets-pwa-c6c74'...
[info] 
[info] i  deploying database, storage, functions, hosting
[info] Running command: npm --prefix "%RESOURCE_DIR%" run lint
[info] +  functions: Finished running predeploy script.
[info] i  database: checking rules syntax...
[debug] [2019-02-03T01:17:51.689Z] >>> HTTP REQUEST PUT https://dev-tokpets-pwa-c6c74.firebaseio.com/.settings/rules.json?dryRun=true  
 {
  /* Visit https://firebase.google.com/docs/database/security to learn more about security rules. */
  "rules": {
    ".read": false,
    ".write": false
  }
}
[debug] [2019-02-03T01:17:52.382Z] <<< HTTP RESPONSE 200
[info] +  database: rules syntax for database dev-tokpets-pwa-c6c74 is valid
[debug] [2019-02-03T01:17:52.385Z] >>> HTTP REQUEST GET https://appengine.googleapis.com/v1/apps/dev-tokpets-pwa-c6c74  
 
[debug] [2019-02-03T01:17:53.186Z] <<< HTTP RESPONSE 200
[info] i  storage: checking storage.rules for compilation errors...
[debug] [2019-02-03T01:17:53.190Z] >>> HTTP REQUEST POST https://firebaserules.googleapis.com/v1/projects/dev-tokpets-pwa-c6c74:test  

[debug] [2019-02-03T01:17:53.444Z] <<< HTTP RESPONSE 200
[info] +  storage: rules file storage.rules compiled successfully
[debug] [2019-02-03T01:17:53.447Z] > [functions] package.json contents: {
  "name": "functions",
  "description": "Cloud Functions for Firebase",
  "scripts": {
    "lint": "eslint .",
    "serve": "firebase serve --only functions",
    "shell": "firebase functions:shell",
    "start": "npm run shell",
    "deploy": "firebase deploy --only functions",
    "logs": "firebase functions:log"
  },
  "dependencies": {
    "firebase-admin": "~6.0.0",
    "firebase-functions": "^2.1.0"
  },
  "devDependencies": {
    "eslint": "^4.12.0",
    "eslint-plugin-promise": "^3.6.0"
  },
  "private": true
}
[info] i  functions: ensuring necessary APIs are enabled...
[debug] [2019-02-03T01:17:53.448Z] >>> HTTP REQUEST GET https://servicemanagement.googleapis.com/v1/services/cloudfunctions.googleapis.com/projectSettings/dev-tokpets-pwa-c6c74?view=CONSUMER_VIEW  
 
[debug] [2019-02-03T01:17:53.449Z] >>> HTTP REQUEST GET https://servicemanagement.googleapis.com/v1/services/runtimeconfig.googleapis.com/projectSettings/dev-tokpets-pwa-c6c74?view=CONSUMER_VIEW  
 
[debug] [2019-02-03T01:17:54.730Z] <<< HTTP RESPONSE 200
[info] +  functions: all necessary APIs are enabled
[debug] [2019-02-03T01:17:55.240Z] <<< HTTP RESPONSE 200
[debug] [2019-02-03T01:17:55.241Z] >>> HTTP REQUEST GET https://cloudresourcemanager.googleapis.com/v1/projects/dev-tokpets-pwa-c6c74  
 
[debug] [2019-02-03T01:17:55.842Z] <<< HTTP RESPONSE 200
[debug] [2019-02-03T01:17:55.843Z] >>> HTTP REQUEST GET https://mobilesdk-pa.googleapis.com/v1/projects/535510308350:getServerAppConfig  
 
[debug] [2019-02-03T01:17:56.244Z] Error: getaddrinfo ENOTFOUND mobilesdk-pa.googleapis.com mobilesdk-pa.googleapis.com:443
    at GetAddrInfoReqWrap.onlookup [as oncomplete] (dns.js:57:26)
[error] 
[error] Error: Server Error. getaddrinfo ENOTFOUND mobilesdk-pa.googleapis.com mobilesdk-pa.googleapis.com:443
